<?xml version="1.0" encoding="UTF-8"?>
<testng-results ignored="0" total="4" passed="4" failed="0" skipped="0">
  <reporter-output>
  </reporter-output>
  <suite started-at="2025-02-26T16:53:33 IST" name="Parallel Test Suite" finished-at="2025-02-26T16:53:56 IST" duration-ms="23653">
    <groups>
    </groups>
    <test started-at="2025-02-26T16:53:33 IST" name="Chrome Tests" finished-at="2025-02-26T16:53:53 IST" duration-ms="19985">
      <class name="automation.tests.RegisterTest">
        <test-method is-config="true" signature="setUp(java.lang.String)[pri:0, instance:automation.tests.RegisterTest@4efbca5a]" started-at="2025-02-26T16:53:33 IST" name="setUp" finished-at="2025-02-26T16:53:38 IST" duration-ms="5236" status="PASS">
          <params>
            <param index="0">
              <value>
                <![CDATA[chrome]]>
              </value>
            </param>
          </params>
          <reporter-output>
          </reporter-output>
        </test-method> <!-- setUp -->
        <test-method signature="registerTest()[pri:1, instance:automation.tests.RegisterTest@4efbca5a]" started-at="2025-02-26T16:53:38 IST" name="registerTest" finished-at="2025-02-26T16:53:44 IST" duration-ms="6275" status="PASS">
          <reporter-output>
          </reporter-output>
        </test-method> <!-- registerTest -->
        <test-method is-config="true" signature="tearDown()[pri:0, instance:automation.tests.RegisterTest@4efbca5a]" started-at="2025-02-26T16:53:44 IST" name="tearDown" finished-at="2025-02-26T16:53:45 IST" duration-ms="701" status="PASS">
          <reporter-output>
          </reporter-output>
        </test-method> <!-- tearDown -->
      </class> <!-- automation.tests.RegisterTest -->
      <class name="automation.tests.LoginTest">
        <test-method is-config="true" signature="setUp(java.lang.String)[pri:0, instance:automation.tests.LoginTest@72967906]" started-at="2025-02-26T16:53:45 IST" name="setUp" finished-at="2025-02-26T16:53:47 IST" duration-ms="2568" status="PASS">
          <params>
            <param index="0">
              <value>
                <![CDATA[chrome]]>
              </value>
            </param>
          </params>
          <reporter-output>
          </reporter-output>
        </test-method> <!-- setUp -->
        <test-method signature="testLogin()[pri:2, instance:automation.tests.LoginTest@72967906]" started-at="2025-02-26T16:53:47 IST" name="testLogin" finished-at="2025-02-26T16:53:52 IST" depends-on-methods="automation.tests.RegisterTest.registerTest" duration-ms="4986" status="PASS">
          <reporter-output>
          </reporter-output>
        </test-method> <!-- testLogin -->
        <test-method is-config="true" signature="tearDown()[pri:0, instance:automation.tests.LoginTest@72967906]" started-at="2025-02-26T16:53:52 IST" name="tearDown" finished-at="2025-02-26T16:53:53 IST" duration-ms="160" status="PASS">
          <reporter-output>
          </reporter-output>
        </test-method> <!-- tearDown -->
      </class> <!-- automation.tests.LoginTest -->
    </test> <!-- Chrome Tests -->
    <test started-at="2025-02-26T16:53:33 IST" name="Edge Tests" finished-at="2025-02-26T16:53:56 IST" duration-ms="23653">
      <class name="automation.tests.RegisterTest">
        <test-method is-config="true" signature="setUp(java.lang.String)[pri:0, instance:automation.tests.RegisterTest@62379589]" started-at="2025-02-26T16:53:33 IST" name="setUp" finished-at="2025-02-26T16:53:38 IST" duration-ms="5282" status="PASS">
          <params>
            <param index="0">
              <value>
                <![CDATA[edge]]>
              </value>
            </param>
          </params>
          <reporter-output>
          </reporter-output>
        </test-method> <!-- setUp -->
        <test-method signature="registerTest()[pri:1, instance:automation.tests.RegisterTest@62379589]" started-at="2025-02-26T16:53:38 IST" name="registerTest" finished-at="2025-02-26T16:53:44 IST" duration-ms="6539" status="PASS">
          <reporter-output>
          </reporter-output>
        </test-method> <!-- registerTest -->
        <test-method is-config="true" signature="tearDown()[pri:0, instance:automation.tests.RegisterTest@62379589]" started-at="2025-02-26T16:53:44 IST" name="tearDown" finished-at="2025-02-26T16:53:46 IST" duration-ms="1485" status="PASS">
          <reporter-output>
          </reporter-output>
        </test-method> <!-- tearDown -->
      </class> <!-- automation.tests.RegisterTest -->
      <class name="automation.tests.LoginTest">
        <test-method is-config="true" signature="setUp(java.lang.String)[pri:0, instance:automation.tests.LoginTest@4afcd809]" started-at="2025-02-26T16:53:46 IST" name="setUp" finished-at="2025-02-26T16:53:50 IST" duration-ms="3748" status="PASS">
          <params>
            <param index="0">
              <value>
                <![CDATA[edge]]>
              </value>
            </param>
          </params>
          <reporter-output>
          </reporter-output>
        </test-method> <!-- setUp -->
        <test-method signature="testLogin()[pri:2, instance:automation.tests.LoginTest@4afcd809]" started-at="2025-02-26T16:53:50 IST" name="testLogin" finished-at="2025-02-26T16:53:53 IST" depends-on-methods="automation.tests.RegisterTest.registerTest" duration-ms="3639" status="PASS">
          <reporter-output>
          </reporter-output>
        </test-method> <!-- testLogin -->
        <test-method is-config="true" signature="tearDown()[pri:0, instance:automation.tests.LoginTest@4afcd809]" started-at="2025-02-26T16:53:53 IST" name="tearDown" finished-at="2025-02-26T16:53:56 IST" duration-ms="2927" status="PASS">
          <reporter-output>
          </reporter-output>
        </test-method> <!-- tearDown -->
      </class> <!-- automation.tests.LoginTest -->
    </test> <!-- Edge Tests -->
  </suite> <!-- Parallel Test Suite -->
</testng-results>
