<?xml version="1.0" encoding="UTF-8"?>
<testng-results ignored="0" total="4" passed="4" failed="0" skipped="0">
  <reporter-output>
  </reporter-output>
  <suite started-at="2025-02-26T17:08:17 IST" name="Parallel Test Suite" finished-at="2025-02-26T17:08:43 IST" duration-ms="25857">
    <groups>
    </groups>
    <test started-at="2025-02-26T17:08:17 IST" name="Chrome Tests" finished-at="2025-02-26T17:08:41 IST" duration-ms="23972">
      <class name="automation.tests.RegisterTest">
        <test-method is-config="true" signature="setUp(java.lang.String)[pri:0, instance:automation.tests.RegisterTest@4efbca5a]" started-at="2025-02-26T17:08:17 IST" name="setUp" finished-at="2025-02-26T17:08:24 IST" duration-ms="6259" status="PASS">
          <params>
            <param index="0">
              <value>
                <![CDATA[chrome]]>
              </value>
            </param>
          </params>
          <reporter-output>
          </reporter-output>
        </test-method> <!-- setUp -->
        <test-method signature="registerTest()[pri:1, instance:automation.tests.RegisterTest@4efbca5a]" started-at="2025-02-26T17:08:24 IST" name="registerTest" finished-at="2025-02-26T17:08:29 IST" duration-ms="5027" status="PASS">
          <reporter-output>
          </reporter-output>
        </test-method> <!-- registerTest -->
        <test-method is-config="true" signature="tearDown()[pri:0, instance:automation.tests.RegisterTest@4efbca5a]" started-at="2025-02-26T17:08:29 IST" name="tearDown" finished-at="2025-02-26T17:08:29 IST" duration-ms="573" status="PASS">
          <reporter-output>
          </reporter-output>
        </test-method> <!-- tearDown -->
      </class> <!-- automation.tests.RegisterTest -->
      <class name="automation.tests.LoginTest">
        <test-method is-config="true" signature="setUp(java.lang.String)[pri:0, instance:automation.tests.LoginTest@72967906]" started-at="2025-02-26T17:08:29 IST" name="setUp" finished-at="2025-02-26T17:08:32 IST" duration-ms="2882" status="PASS">
          <params>
            <param index="0">
              <value>
                <![CDATA[chrome]]>
              </value>
            </param>
          </params>
          <reporter-output>
          </reporter-output>
        </test-method> <!-- setUp -->
        <test-method signature="testLogin()[pri:2, instance:automation.tests.LoginTest@72967906]" started-at="2025-02-26T17:08:32 IST" name="testLogin" finished-at="2025-02-26T17:08:40 IST" depends-on-methods="automation.tests.RegisterTest.registerTest" duration-ms="7408" status="PASS">
          <reporter-output>
          </reporter-output>
        </test-method> <!-- testLogin -->
        <test-method is-config="true" signature="tearDown()[pri:0, instance:automation.tests.LoginTest@72967906]" started-at="2025-02-26T17:08:40 IST" name="tearDown" finished-at="2025-02-26T17:08:41 IST" duration-ms="1797" status="PASS">
          <reporter-output>
          </reporter-output>
        </test-method> <!-- tearDown -->
      </class> <!-- automation.tests.LoginTest -->
    </test> <!-- Chrome Tests -->
    <test started-at="2025-02-26T17:08:17 IST" name="Edge Tests" finished-at="2025-02-26T17:08:43 IST" duration-ms="25857">
      <class name="automation.tests.RegisterTest">
        <test-method is-config="true" signature="setUp(java.lang.String)[pri:0, instance:automation.tests.RegisterTest@62379589]" started-at="2025-02-26T17:08:17 IST" name="setUp" finished-at="2025-02-26T17:08:23 IST" duration-ms="5465" status="PASS">
          <params>
            <param index="0">
              <value>
                <![CDATA[edge]]>
              </value>
            </param>
          </params>
          <reporter-output>
          </reporter-output>
        </test-method> <!-- setUp -->
        <test-method signature="registerTest()[pri:1, instance:automation.tests.RegisterTest@62379589]" started-at="2025-02-26T17:08:23 IST" name="registerTest" finished-at="2025-02-26T17:08:28 IST" duration-ms="4983" status="PASS">
          <reporter-output>
          </reporter-output>
        </test-method> <!-- registerTest -->
        <test-method is-config="true" signature="tearDown()[pri:0, instance:automation.tests.RegisterTest@62379589]" started-at="2025-02-26T17:08:28 IST" name="tearDown" finished-at="2025-02-26T17:08:30 IST" duration-ms="2311" status="PASS">
          <reporter-output>
          </reporter-output>
        </test-method> <!-- tearDown -->
      </class> <!-- automation.tests.RegisterTest -->
      <class name="automation.tests.LoginTest">
        <test-method is-config="true" signature="setUp(java.lang.String)[pri:0, instance:automation.tests.LoginTest@4afcd809]" started-at="2025-02-26T17:08:30 IST" name="setUp" finished-at="2025-02-26T17:08:37 IST" duration-ms="7173" status="PASS">
          <params>
            <param index="0">
              <value>
                <![CDATA[edge]]>
              </value>
            </param>
          </params>
          <reporter-output>
          </reporter-output>
        </test-method> <!-- setUp -->
        <test-method signature="testLogin()[pri:2, instance:automation.tests.LoginTest@4afcd809]" started-at="2025-02-26T17:08:37 IST" name="testLogin" finished-at="2025-02-26T17:08:41 IST" depends-on-methods="automation.tests.RegisterTest.registerTest" duration-ms="4128" status="PASS">
          <reporter-output>
          </reporter-output>
        </test-method> <!-- testLogin -->
        <test-method is-config="true" signature="tearDown()[pri:0, instance:automation.tests.LoginTest@4afcd809]" started-at="2025-02-26T17:08:41 IST" name="tearDown" finished-at="2025-02-26T17:08:43 IST" duration-ms="1761" status="PASS">
          <reporter-output>
          </reporter-output>
        </test-method> <!-- tearDown -->
      </class> <!-- automation.tests.LoginTest -->
    </test> <!-- Edge Tests -->
  </suite> <!-- Parallel Test Suite -->
</testng-results>
